{
  "stats": {
    "suites": 9,
    "tests": 9,
    "passes": 9,
    "pending": 0,
    "failures": 0,
    "start": "2022-11-25T09:10:55.583Z",
    "end": "2022-11-25T09:11:09.904Z",
    "duration": 14321,
    "testsRegistered": 9,
    "passPercent": 100,
    "pendingPercent": 0,
    "other": 0,
    "hasOther": false,
    "skipped": 0,
    "hasSkipped": false
  },
  "results": [
    {
      "uuid": "89b3c920-ef19-4fb1-8720-faffdd993ca7",
      "title": "",
      "fullFile": "",
      "file": "",
      "beforeHooks": [],
      "afterHooks": [
        {
          "title": "\"after all\" hook in \"{root}\"",
          "fullTitle": "\"after all\" hook in \"{root}\"",
          "timedOut": false,
          "duration": 1,
          "state": null,
          "speed": null,
          "pass": false,
          "fail": false,
          "pending": false,
          "context": null,
          "code": "done();",
          "err": {},
          "uuid": "f08e8fcc-d1a9-46e6-99a5-f94b001388cc",
          "parentUUID": "89b3c920-ef19-4fb1-8720-faffdd993ca7",
          "isHook": true,
          "skipped": false
        }
      ],
      "tests": [],
      "suites": [
        {
          "uuid": "99750b6d-d492-4265-85db-b108207d5acc",
          "title": "POST /api/mekanlar",
          "fullFile": "C:\\Users\\Leo\\Desktop\\mekanbul\\test.js",
          "file": "\\test.js",
          "beforeHooks": [],
          "afterHooks": [],
          "tests": [
            {
              "title": "Yeni mekan ekle:",
              "fullTitle": "POST /api/mekanlar Yeni mekan ekle:",
              "timedOut": false,
              "duration": 828,
              "state": "passed",
              "speed": "slow",
              "pass": true,
              "fail": false,
              "pending": false,
              "context": null,
              "code": "const response = await request.post(\"/api/mekanlar\").send({\n  ad: \"Starbucks\",\n  adres: \"Centrum Garden\",\n  puan: 5,\n  imkanlar: \"çay,kahve,pasta\",\n  enlem: 37.83226584629666,\n  boylam: 30.524732239878013,\n  gunler1: \"Pazartesi-Cuma\",\n  acilis1: \"9:00\",\n  kapanis1: \"23:00\",\n  kapali1: false,\n  gunler2: \"Cumartesi-Pazar\",\n  acilis2: \"11:00\",\n  kapanis2: \"17:00\",\n  kapali2: false,\n});\nexpect(response.status).to.eql(201);\nprocess.env.mekanid = response.body._id;",
              "err": {},
              "uuid": "b4067b3f-a43b-44e8-958e-6a66c7b38e45",
              "parentUUID": "99750b6d-d492-4265-85db-b108207d5acc",
              "isHook": false,
              "skipped": false
            }
          ],
          "suites": [],
          "passes": [
            "b4067b3f-a43b-44e8-958e-6a66c7b38e45"
          ],
          "failures": [],
          "pending": [],
          "skipped": [],
          "duration": 828,
          "root": false,
          "rootEmpty": false,
          "_timeout": 10000
        },
        {
          "uuid": "cfbad136-ce88-4452-aa3b-b03cf5a557be",
          "title": "GET /api/mekanlar",
          "fullFile": "C:\\Users\\Leo\\Desktop\\mekanbul\\test.js",
          "file": "\\test.js",
          "beforeHooks": [],
          "afterHooks": [],
          "tests": [
            {
              "title": "Girilen konum civarındaki tüm mekanları listele:",
              "fullTitle": "GET /api/mekanlar Girilen konum civarındaki tüm mekanları listele:",
              "timedOut": false,
              "duration": 298,
              "state": "passed",
              "speed": "slow",
              "pass": true,
              "fail": false,
              "pending": false,
              "context": null,
              "code": "const response = await request.get(\"/api/mekanlar?enlem=37&boylam=35\");\nexpect(response.status).to.eql(200);",
              "err": {},
              "uuid": "903f8eda-c700-48ad-85df-9efd6472ef29",
              "parentUUID": "cfbad136-ce88-4452-aa3b-b03cf5a557be",
              "isHook": false,
              "skipped": false
            }
          ],
          "suites": [],
          "passes": [
            "903f8eda-c700-48ad-85df-9efd6472ef29"
          ],
          "failures": [],
          "pending": [],
          "skipped": [],
          "duration": 298,
          "root": false,
          "rootEmpty": false,
          "_timeout": 10000
        },
        {
          "uuid": "2170b1fe-d013-4f13-b443-96abba18b6e5",
          "title": "GET /api/mekanlar/:mekanid",
          "fullFile": "C:\\Users\\Leo\\Desktop\\mekanbul\\test.js",
          "file": "\\test.js",
          "beforeHooks": [],
          "afterHooks": [],
          "tests": [
            {
              "title": "Mekan getir:",
              "fullTitle": "GET /api/mekanlar/:mekanid Mekan getir:",
              "timedOut": false,
              "duration": 294,
              "state": "passed",
              "speed": "slow",
              "pass": true,
              "fail": false,
              "pending": false,
              "context": null,
              "code": "const response = await request.get(`/api/mekanlar/${process.env.mekanid}`);\nexpect(response.status).to.eql(200);",
              "err": {},
              "uuid": "6143df85-0c6f-4986-b863-a898d70e00ce",
              "parentUUID": "2170b1fe-d013-4f13-b443-96abba18b6e5",
              "isHook": false,
              "skipped": false
            }
          ],
          "suites": [],
          "passes": [
            "6143df85-0c6f-4986-b863-a898d70e00ce"
          ],
          "failures": [],
          "pending": [],
          "skipped": [],
          "duration": 294,
          "root": false,
          "rootEmpty": false,
          "_timeout": 10000
        },
        {
          "uuid": "ddf8ee01-b659-45d6-8590-7ddd08015697",
          "title": "PUT /api/mekanlar/:mekanid",
          "fullFile": "C:\\Users\\Leo\\Desktop\\mekanbul\\test.js",
          "file": "\\test.js",
          "beforeHooks": [],
          "afterHooks": [],
          "tests": [
            {
              "title": "Mekan Güncelle:",
              "fullTitle": "PUT /api/mekanlar/:mekanid Mekan Güncelle:",
              "timedOut": false,
              "duration": 560,
              "state": "passed",
              "speed": "slow",
              "pass": true,
              "fail": false,
              "pending": false,
              "context": null,
              "code": "const response = await request\n  .put(`/api/mekanlar/${process.env.mekanid}`)\n  .send({\n    ad: \"Starbucks SDÜ\",\n    adres: \"SDÜ Doğu Kampüsü\",\n    puan: 3,\n    imkanlar: \"çay,kahve,pasta,refresher\",\n    enlem: 37.8,\n    boylam: 30.5,\n    gunler1: \"Pazartesi-Cuma\",\n    acilis1: \"9:10\",\n    kapanis1: \"23:10\",\n    kapali1: true,\n    gunler2: \"Cumartesi-Pazar\",\n    acilis2: \"11:10\",\n    kapanis2: \"17:10\",\n    kapali2: true,\n  });\nexpect(response.status).to.eql(200);",
              "err": {},
              "uuid": "26c59bc5-1037-484b-87bc-28675061faf0",
              "parentUUID": "ddf8ee01-b659-45d6-8590-7ddd08015697",
              "isHook": false,
              "skipped": false
            }
          ],
          "suites": [],
          "passes": [
            "26c59bc5-1037-484b-87bc-28675061faf0"
          ],
          "failures": [],
          "pending": [],
          "skipped": [],
          "duration": 560,
          "root": false,
          "rootEmpty": false,
          "_timeout": 10000
        },
        {
          "uuid": "a94c524f-3466-47ba-ae1a-6bd637307d03",
          "title": "POST /api/mekanlar/:mekanid/yorumlar",
          "fullFile": "C:\\Users\\Leo\\Desktop\\mekanbul\\test.js",
          "file": "\\test.js",
          "beforeHooks": [],
          "afterHooks": [],
          "tests": [
            {
              "title": "Yorum ekle:",
              "fullTitle": "POST /api/mekanlar/:mekanid/yorumlar Yorum ekle:",
              "timedOut": false,
              "duration": 406,
              "state": "passed",
              "speed": "slow",
              "pass": true,
              "fail": false,
              "pending": false,
              "context": null,
              "code": "const response = await request\n  .post(`/api/mekanlar/${process.env.mekanid}/yorumlar`)\n  .send({\n    yorumYapan: \"ASY\",\n    puan: 5,\n    yorumMetni: \"Kahveler harika\",\n  });\nprocess.env.yorumid = response.body._id;\nexpect(response.status).to.eql(201);",
              "err": {},
              "uuid": "5d0818fd-cfce-4229-8ea8-187b0edd22d0",
              "parentUUID": "a94c524f-3466-47ba-ae1a-6bd637307d03",
              "isHook": false,
              "skipped": false
            }
          ],
          "suites": [],
          "passes": [
            "5d0818fd-cfce-4229-8ea8-187b0edd22d0"
          ],
          "failures": [],
          "pending": [],
          "skipped": [],
          "duration": 406,
          "root": false,
          "rootEmpty": false,
          "_timeout": 10000
        },
        {
          "uuid": "464bed70-aa2d-493d-9937-48ef498c68b4",
          "title": "GET /api/mekanlar/:mekanid/yorumlar/:yorumid",
          "fullFile": "C:\\Users\\Leo\\Desktop\\mekanbul\\test.js",
          "file": "\\test.js",
          "beforeHooks": [],
          "afterHooks": [],
          "tests": [
            {
              "title": "Yorum getir:",
              "fullTitle": "GET /api/mekanlar/:mekanid/yorumlar/:yorumid Yorum getir:",
              "timedOut": false,
              "duration": 6051,
              "state": "passed",
              "speed": "slow",
              "pass": true,
              "fail": false,
              "pending": false,
              "context": null,
              "code": "const response = await request.get(\n  `/api/mekanlar/${process.env.mekanid}/yorumlar/${process.env.yorumid}`\n);\nexpect(response.status).to.eql(200);",
              "err": {},
              "uuid": "cb5b08f8-c652-4e1a-98b6-794ef21102cd",
              "parentUUID": "464bed70-aa2d-493d-9937-48ef498c68b4",
              "isHook": false,
              "skipped": false
            }
          ],
          "suites": [],
          "passes": [
            "cb5b08f8-c652-4e1a-98b6-794ef21102cd"
          ],
          "failures": [],
          "pending": [],
          "skipped": [],
          "duration": 6051,
          "root": false,
          "rootEmpty": false,
          "_timeout": 10000
        },
        {
          "uuid": "5d146bac-f9fa-43df-87a4-4123a10c6048",
          "title": "PUT /api/mekanlar/:mekanid/yorumlar/:yorumid",
          "fullFile": "C:\\Users\\Leo\\Desktop\\mekanbul\\test.js",
          "file": "\\test.js",
          "beforeHooks": [],
          "afterHooks": [],
          "tests": [
            {
              "title": "Yorum güncelle:",
              "fullTitle": "PUT /api/mekanlar/:mekanid/yorumlar/:yorumid Yorum güncelle:",
              "timedOut": false,
              "duration": 1019,
              "state": "passed",
              "speed": "slow",
              "pass": true,
              "fail": false,
              "pending": false,
              "context": null,
              "code": "const response = await request\n  .put(\n    `/api/mekanlar/${process.env.mekanid}/yorumlar/${process.env.yorumid}`\n  )\n  .send({\n    yorumYapan: \"Sinan\",\n    puan: 4,\n    yorumMetni: \"Kahveler harikaaaa\",\n  });\nexpect(response.status).to.eql(200);",
              "err": {},
              "uuid": "143d9766-0dea-4b9f-a9d5-941735e858c8",
              "parentUUID": "5d146bac-f9fa-43df-87a4-4123a10c6048",
              "isHook": false,
              "skipped": false
            }
          ],
          "suites": [],
          "passes": [
            "143d9766-0dea-4b9f-a9d5-941735e858c8"
          ],
          "failures": [],
          "pending": [],
          "skipped": [],
          "duration": 1019,
          "root": false,
          "rootEmpty": false,
          "_timeout": 10000
        },
        {
          "uuid": "85b2d856-b418-4b24-bc35-94afb08b3cbc",
          "title": "DELETE /api/mekanlar/:mekanid/yorumlar/:yorumid",
          "fullFile": "C:\\Users\\Leo\\Desktop\\mekanbul\\test.js",
          "file": "\\test.js",
          "beforeHooks": [],
          "afterHooks": [],
          "tests": [
            {
              "title": "Yorum sil:",
              "fullTitle": "DELETE /api/mekanlar/:mekanid/yorumlar/:yorumid Yorum sil:",
              "timedOut": false,
              "duration": 4667,
              "state": "passed",
              "speed": "slow",
              "pass": true,
              "fail": false,
              "pending": false,
              "context": null,
              "code": "const response = await request.delete(\n  `/api/mekanlar/${process.env.mekanid}/yorumlar/${process.env.yorumid}`\n);\nexpect(response.status).to.eql(200);",
              "err": {},
              "uuid": "27637d61-c1e3-4454-8932-04d3acf53ca8",
              "parentUUID": "85b2d856-b418-4b24-bc35-94afb08b3cbc",
              "isHook": false,
              "skipped": false
            }
          ],
          "suites": [],
          "passes": [
            "27637d61-c1e3-4454-8932-04d3acf53ca8"
          ],
          "failures": [],
          "pending": [],
          "skipped": [],
          "duration": 4667,
          "root": false,
          "rootEmpty": false,
          "_timeout": 10000
        },
        {
          "uuid": "b25ae0bd-a522-49f8-bbd3-22da10d3f00e",
          "title": "DELETE /api/mekanlar/:mekanid",
          "fullFile": "C:\\Users\\Leo\\Desktop\\mekanbul\\test.js",
          "file": "\\test.js",
          "beforeHooks": [],
          "afterHooks": [],
          "tests": [
            {
              "title": "Mekan sil:",
              "fullTitle": "DELETE /api/mekanlar/:mekanid Mekan sil:",
              "timedOut": false,
              "duration": 165,
              "state": "passed",
              "speed": "slow",
              "pass": true,
              "fail": false,
              "pending": false,
              "context": null,
              "code": "const response = await request.delete(\n  `/api/mekanlar/${process.env.mekanid}`\n);\nexpect(response.status).to.eql(200);",
              "err": {},
              "uuid": "1c080cba-feb6-4380-bbce-26ba9b6738f9",
              "parentUUID": "b25ae0bd-a522-49f8-bbd3-22da10d3f00e",
              "isHook": false,
              "skipped": false
            }
          ],
          "suites": [],
          "passes": [
            "1c080cba-feb6-4380-bbce-26ba9b6738f9"
          ],
          "failures": [],
          "pending": [],
          "skipped": [],
          "duration": 165,
          "root": false,
          "rootEmpty": false,
          "_timeout": 10000
        }
      ],
      "passes": [],
      "failures": [],
      "pending": [],
      "skipped": [],
      "duration": 0,
      "root": true,
      "rootEmpty": true,
      "_timeout": 10000
    }
  ],
  "meta": {
    "mocha": {
      "version": "10.1.0"
    },
    "mochawesome": {
      "options": {
        "quiet": false,
        "reportFilename": "mochawesome",
        "saveHtml": true,
        "saveJson": true,
        "consoleReporter": "spec",
        "useInlineDiffs": false,
        "code": true
      },
      "version": "7.1.3"
    },
    "marge": {
      "options": null,
      "version": "6.2.0"
    }
  }
}