{
  "stats": {
    "suites": 9,
    "tests": 9,
    "passes": 0,
    "pending": 0,
    "failures": 9,
    "start": "2022-11-25T08:25:04.957Z",
    "end": "2022-11-25T08:25:05.036Z",
    "duration": 79,
    "testsRegistered": 9,
    "passPercent": 0,
    "pendingPercent": 0,
    "other": 0,
    "hasOther": false,
    "skipped": 0,
    "hasSkipped": false
  },
  "results": [
    {
      "uuid": "64b502ac-2114-485c-9a23-71eadd7d920c",
      "title": "",
      "fullFile": "",
      "file": "",
      "beforeHooks": [],
      "afterHooks": [
        {
          "title": "\"after all\" hook in \"{root}\"",
          "fullTitle": "\"after all\" hook in \"{root}\"",
          "timedOut": false,
          "duration": 0,
          "state": null,
          "speed": null,
          "pass": false,
          "fail": false,
          "pending": false,
          "context": null,
          "code": "done();",
          "err": {},
          "uuid": "ce0ef92a-b1d2-406c-8c97-8860e3b6d6e9",
          "parentUUID": "64b502ac-2114-485c-9a23-71eadd7d920c",
          "isHook": true,
          "skipped": false
        }
      ],
      "tests": [],
      "suites": [
        {
          "uuid": "a3ec2f02-d860-4b00-b775-304ecae5bd3f",
          "title": "POST /api/mekanlar",
          "fullFile": "C:\\Users\\Leo\\Desktop\\mekanbul\\test.js",
          "file": "\\test.js",
          "beforeHooks": [],
          "afterHooks": [],
          "tests": [
            {
              "title": "Yeni mekan ekle:",
              "fullTitle": "POST /api/mekanlar Yeni mekan ekle:",
              "timedOut": false,
              "duration": 24,
              "state": "failed",
              "speed": null,
              "pass": false,
              "fail": true,
              "pending": false,
              "context": null,
              "code": "const response = await request.post(\"/api/mekanlar\").send({\n  ad: \"Starbucks\",\n  adres: \"Centrum Garden\",\n  puan: 5,\n  imkanlar: \"çay,kahve,pasta\",\n  enlem: 37.83226584629666,\n  boylam: 30.524732239878013,\n  gunler1: \"Pazartesi-Cuma\",\n  acilis1: \"9:00\",\n  kapanis1: \"23:00\",\n  kapali1: false,\n  gunler2: \"Cumartesi-Pazar\",\n  acilis2: \"11:00\",\n  kapanis2: \"17:00\",\n  kapali2: false,\n});\nexpect(response.status).to.eql(201);\nprocess.env.mekanid = response.body._id;",
              "err": {
                "message": "Error: ECONNREFUSED: Connection refused",
                "estack": "Error: ECONNREFUSED: Connection refused\n    at Test.assert (node_modules\\supertest\\lib\\test.js:156:20)\n    at localAssert (node_modules\\supertest\\lib\\test.js:120:14)\n    at C:\\Users\\Leo\\Desktop\\mekanbul\\node_modules\\supertest\\lib\\test.js:125:7\n    at Test.Request.callback (node_modules\\superagent\\lib\\node\\index.js:866:3)\n    at ClientRequest.<anonymous> (node_modules\\superagent\\lib\\node\\index.js:788:10)\n    at ClientRequest.emit (node:events:513:28)\n    at Socket.socketErrorListener (node:_http_client:481:9)\n    at Socket.emit (node:events:513:28)\n    at emitErrorNT (node:internal/streams/destroy:157:8)\n    at emitErrorCloseNT (node:internal/streams/destroy:122:3)\n    at processTicksAndRejections (node:internal/process/task_queues:83:21)",
                "diff": null
              },
              "uuid": "c5e9a47c-3c46-4492-a8b8-8351950731dc",
              "parentUUID": "a3ec2f02-d860-4b00-b775-304ecae5bd3f",
              "isHook": false,
              "skipped": false
            }
          ],
          "suites": [],
          "passes": [],
          "failures": [
            "c5e9a47c-3c46-4492-a8b8-8351950731dc"
          ],
          "pending": [],
          "skipped": [],
          "duration": 24,
          "root": false,
          "rootEmpty": false,
          "_timeout": 10000
        },
        {
          "uuid": "505e3b25-f5e6-4daf-8af4-5bb02d86b018",
          "title": "GET /api/mekanlar",
          "fullFile": "C:\\Users\\Leo\\Desktop\\mekanbul\\test.js",
          "file": "\\test.js",
          "beforeHooks": [],
          "afterHooks": [],
          "tests": [
            {
              "title": "Girilen konum civarındaki tüm mekanları listele:",
              "fullTitle": "GET /api/mekanlar Girilen konum civarındaki tüm mekanları listele:",
              "timedOut": false,
              "duration": 2,
              "state": "failed",
              "speed": null,
              "pass": false,
              "fail": true,
              "pending": false,
              "context": null,
              "code": "const response = await request.get(\"/api/mekanlar?enlem=37&boylam=35\");\nexpect(response.status).to.eql(200);",
              "err": {
                "message": "Error: ECONNREFUSED: Connection refused",
                "estack": "Error: ECONNREFUSED: Connection refused\n    at Test.assert (node_modules\\supertest\\lib\\test.js:156:20)\n    at localAssert (node_modules\\supertest\\lib\\test.js:120:14)\n    at C:\\Users\\Leo\\Desktop\\mekanbul\\node_modules\\supertest\\lib\\test.js:125:7\n    at Test.Request.callback (node_modules\\superagent\\lib\\node\\index.js:866:3)\n    at ClientRequest.<anonymous> (node_modules\\superagent\\lib\\node\\index.js:788:10)\n    at ClientRequest.emit (node:events:513:28)\n    at Socket.socketErrorListener (node:_http_client:481:9)\n    at Socket.emit (node:events:513:28)\n    at emitErrorNT (node:internal/streams/destroy:157:8)\n    at emitErrorCloseNT (node:internal/streams/destroy:122:3)\n    at processTicksAndRejections (node:internal/process/task_queues:83:21)",
                "diff": null
              },
              "uuid": "02aa5aee-0ef2-4160-aec3-756cde298e05",
              "parentUUID": "505e3b25-f5e6-4daf-8af4-5bb02d86b018",
              "isHook": false,
              "skipped": false
            }
          ],
          "suites": [],
          "passes": [],
          "failures": [
            "02aa5aee-0ef2-4160-aec3-756cde298e05"
          ],
          "pending": [],
          "skipped": [],
          "duration": 2,
          "root": false,
          "rootEmpty": false,
          "_timeout": 10000
        },
        {
          "uuid": "8e85ab37-deaa-46b1-a37a-1aa1b441f5e4",
          "title": "GET /api/mekanlar/:mekanid",
          "fullFile": "C:\\Users\\Leo\\Desktop\\mekanbul\\test.js",
          "file": "\\test.js",
          "beforeHooks": [],
          "afterHooks": [],
          "tests": [
            {
              "title": "Mekan getir:",
              "fullTitle": "GET /api/mekanlar/:mekanid Mekan getir:",
              "timedOut": false,
              "duration": 1,
              "state": "failed",
              "speed": null,
              "pass": false,
              "fail": true,
              "pending": false,
              "context": null,
              "code": "const response = await request.get(`/api/mekanlar/${process.env.mekanid}`);\nexpect(response.status).to.eql(200);",
              "err": {
                "message": "Error: ECONNREFUSED: Connection refused",
                "estack": "Error: ECONNREFUSED: Connection refused\n    at Test.assert (node_modules\\supertest\\lib\\test.js:156:20)\n    at localAssert (node_modules\\supertest\\lib\\test.js:120:14)\n    at C:\\Users\\Leo\\Desktop\\mekanbul\\node_modules\\supertest\\lib\\test.js:125:7\n    at Test.Request.callback (node_modules\\superagent\\lib\\node\\index.js:866:3)\n    at ClientRequest.<anonymous> (node_modules\\superagent\\lib\\node\\index.js:788:10)\n    at ClientRequest.emit (node:events:513:28)\n    at Socket.socketErrorListener (node:_http_client:481:9)\n    at Socket.emit (node:events:513:28)\n    at emitErrorNT (node:internal/streams/destroy:157:8)\n    at emitErrorCloseNT (node:internal/streams/destroy:122:3)\n    at processTicksAndRejections (node:internal/process/task_queues:83:21)",
                "diff": null
              },
              "uuid": "91c8b002-e866-4e70-961b-174128fd83eb",
              "parentUUID": "8e85ab37-deaa-46b1-a37a-1aa1b441f5e4",
              "isHook": false,
              "skipped": false
            }
          ],
          "suites": [],
          "passes": [],
          "failures": [
            "91c8b002-e866-4e70-961b-174128fd83eb"
          ],
          "pending": [],
          "skipped": [],
          "duration": 1,
          "root": false,
          "rootEmpty": false,
          "_timeout": 10000
        },
        {
          "uuid": "004f7950-6405-4fc6-bda0-6afe5a17b079",
          "title": "PUT /api/mekanlar/:mekanid",
          "fullFile": "C:\\Users\\Leo\\Desktop\\mekanbul\\test.js",
          "file": "\\test.js",
          "beforeHooks": [],
          "afterHooks": [],
          "tests": [
            {
              "title": "Mekan Güncelle:",
              "fullTitle": "PUT /api/mekanlar/:mekanid Mekan Güncelle:",
              "timedOut": false,
              "duration": 1,
              "state": "failed",
              "speed": null,
              "pass": false,
              "fail": true,
              "pending": false,
              "context": null,
              "code": "const response = await request\n  .put(`/api/mekanlar/${process.env.mekanid}`)\n  .send({\n    ad: \"Starbucks SDÜ\",\n    adres: \"SDÜ Doğu Kampüsü\",\n    puan: 3,\n    imkanlar: \"çay,kahve,pasta,refresher\",\n    enlem: 37.8,\n    boylam: 30.5,\n    gunler1: \"Pazartesi-Cuma\",\n    acilis1: \"9:10\",\n    kapanis1: \"23:10\",\n    kapali1: true,\n    gunler2: \"Cumartesi-Pazar\",\n    acilis2: \"11:10\",\n    kapanis2: \"17:10\",\n    kapali2: true,\n  });\nexpect(response.status).to.eql(200);",
              "err": {
                "message": "Error: ECONNREFUSED: Connection refused",
                "estack": "Error: ECONNREFUSED: Connection refused\n    at Test.assert (node_modules\\supertest\\lib\\test.js:156:20)\n    at localAssert (node_modules\\supertest\\lib\\test.js:120:14)\n    at C:\\Users\\Leo\\Desktop\\mekanbul\\node_modules\\supertest\\lib\\test.js:125:7\n    at Test.Request.callback (node_modules\\superagent\\lib\\node\\index.js:866:3)\n    at ClientRequest.<anonymous> (node_modules\\superagent\\lib\\node\\index.js:788:10)\n    at ClientRequest.emit (node:events:513:28)\n    at Socket.socketErrorListener (node:_http_client:481:9)\n    at Socket.emit (node:events:513:28)\n    at emitErrorNT (node:internal/streams/destroy:157:8)\n    at emitErrorCloseNT (node:internal/streams/destroy:122:3)\n    at processTicksAndRejections (node:internal/process/task_queues:83:21)",
                "diff": null
              },
              "uuid": "1f6c85d5-8661-43b8-afec-f2fac24c3df0",
              "parentUUID": "004f7950-6405-4fc6-bda0-6afe5a17b079",
              "isHook": false,
              "skipped": false
            }
          ],
          "suites": [],
          "passes": [],
          "failures": [
            "1f6c85d5-8661-43b8-afec-f2fac24c3df0"
          ],
          "pending": [],
          "skipped": [],
          "duration": 1,
          "root": false,
          "rootEmpty": false,
          "_timeout": 10000
        },
        {
          "uuid": "9a50fb9c-5ce8-4fd4-af53-6ab22ab2e811",
          "title": "POST /api/mekanlar/:mekanid/yorumlar",
          "fullFile": "C:\\Users\\Leo\\Desktop\\mekanbul\\test.js",
          "file": "\\test.js",
          "beforeHooks": [],
          "afterHooks": [],
          "tests": [
            {
              "title": "Yorum ekle:",
              "fullTitle": "POST /api/mekanlar/:mekanid/yorumlar Yorum ekle:",
              "timedOut": false,
              "duration": 2,
              "state": "failed",
              "speed": null,
              "pass": false,
              "fail": true,
              "pending": false,
              "context": null,
              "code": "const response = await request\n  .post(`/api/mekanlar/${process.env.mekanid}/yorumlar`)\n  .send({\n    yorumYapan: \"ASY\",\n    puan: 5,\n    yorumMetni: \"Kahveler harika\",\n  });\nprocess.env.yorumid = response.body._id;\nexpect(response.status).to.eql(201);",
              "err": {
                "message": "Error: ECONNREFUSED: Connection refused",
                "estack": "Error: ECONNREFUSED: Connection refused\n    at Test.assert (node_modules\\supertest\\lib\\test.js:156:20)\n    at localAssert (node_modules\\supertest\\lib\\test.js:120:14)\n    at C:\\Users\\Leo\\Desktop\\mekanbul\\node_modules\\supertest\\lib\\test.js:125:7\n    at Test.Request.callback (node_modules\\superagent\\lib\\node\\index.js:866:3)\n    at ClientRequest.<anonymous> (node_modules\\superagent\\lib\\node\\index.js:788:10)\n    at ClientRequest.emit (node:events:513:28)\n    at Socket.socketErrorListener (node:_http_client:481:9)\n    at Socket.emit (node:events:513:28)\n    at emitErrorNT (node:internal/streams/destroy:157:8)\n    at emitErrorCloseNT (node:internal/streams/destroy:122:3)\n    at processTicksAndRejections (node:internal/process/task_queues:83:21)",
                "diff": null
              },
              "uuid": "3aba2539-f94e-4596-9ae0-c36446ca3ed3",
              "parentUUID": "9a50fb9c-5ce8-4fd4-af53-6ab22ab2e811",
              "isHook": false,
              "skipped": false
            }
          ],
          "suites": [],
          "passes": [],
          "failures": [
            "3aba2539-f94e-4596-9ae0-c36446ca3ed3"
          ],
          "pending": [],
          "skipped": [],
          "duration": 2,
          "root": false,
          "rootEmpty": false,
          "_timeout": 10000
        },
        {
          "uuid": "4b3d086f-de94-4ee9-be20-55fed11d7fd7",
          "title": "GET /api/mekanlar/:mekanid/yorumlar/:yorumid",
          "fullFile": "C:\\Users\\Leo\\Desktop\\mekanbul\\test.js",
          "file": "\\test.js",
          "beforeHooks": [],
          "afterHooks": [],
          "tests": [
            {
              "title": "Yorum getir:",
              "fullTitle": "GET /api/mekanlar/:mekanid/yorumlar/:yorumid Yorum getir:",
              "timedOut": false,
              "duration": 2,
              "state": "failed",
              "speed": null,
              "pass": false,
              "fail": true,
              "pending": false,
              "context": null,
              "code": "const response = await request.get(\n  `/api/mekanlar/${process.env.mekanid}/yorumlar/${process.env.yorumid}`\n);\nexpect(response.status).to.eql(200);",
              "err": {
                "message": "Error: ECONNREFUSED: Connection refused",
                "estack": "Error: ECONNREFUSED: Connection refused\n    at Test.assert (node_modules\\supertest\\lib\\test.js:156:20)\n    at localAssert (node_modules\\supertest\\lib\\test.js:120:14)\n    at C:\\Users\\Leo\\Desktop\\mekanbul\\node_modules\\supertest\\lib\\test.js:125:7\n    at Test.Request.callback (node_modules\\superagent\\lib\\node\\index.js:866:3)\n    at ClientRequest.<anonymous> (node_modules\\superagent\\lib\\node\\index.js:788:10)\n    at ClientRequest.emit (node:events:513:28)\n    at Socket.socketErrorListener (node:_http_client:481:9)\n    at Socket.emit (node:events:513:28)\n    at emitErrorNT (node:internal/streams/destroy:157:8)\n    at emitErrorCloseNT (node:internal/streams/destroy:122:3)\n    at processTicksAndRejections (node:internal/process/task_queues:83:21)",
                "diff": null
              },
              "uuid": "944a1d2b-3ece-4306-9bdf-2f1edde809a2",
              "parentUUID": "4b3d086f-de94-4ee9-be20-55fed11d7fd7",
              "isHook": false,
              "skipped": false
            }
          ],
          "suites": [],
          "passes": [],
          "failures": [
            "944a1d2b-3ece-4306-9bdf-2f1edde809a2"
          ],
          "pending": [],
          "skipped": [],
          "duration": 2,
          "root": false,
          "rootEmpty": false,
          "_timeout": 10000
        },
        {
          "uuid": "3c324f0b-e71b-4825-8af7-ea1892e61a32",
          "title": "PUT /api/mekanlar/:mekanid/yorumlar/:yorumid",
          "fullFile": "C:\\Users\\Leo\\Desktop\\mekanbul\\test.js",
          "file": "\\test.js",
          "beforeHooks": [],
          "afterHooks": [],
          "tests": [
            {
              "title": "Yorum güncelle:",
              "fullTitle": "PUT /api/mekanlar/:mekanid/yorumlar/:yorumid Yorum güncelle:",
              "timedOut": false,
              "duration": 2,
              "state": "failed",
              "speed": null,
              "pass": false,
              "fail": true,
              "pending": false,
              "context": null,
              "code": "const response = await request\n  .put(\n    `/api/mekanlar/${process.env.mekanid}/yorumlar/${process.env.yorumid}`\n  )\n  .send({\n    yorumYapan: \"Sinan\",\n    puan: 4,\n    yorumMetni: \"Kahveler harikaaaa\",\n  });\nexpect(response.status).to.eql(200);",
              "err": {
                "message": "Error: ECONNREFUSED: Connection refused",
                "estack": "Error: ECONNREFUSED: Connection refused\n    at Test.assert (node_modules\\supertest\\lib\\test.js:156:20)\n    at localAssert (node_modules\\supertest\\lib\\test.js:120:14)\n    at C:\\Users\\Leo\\Desktop\\mekanbul\\node_modules\\supertest\\lib\\test.js:125:7\n    at Test.Request.callback (node_modules\\superagent\\lib\\node\\index.js:866:3)\n    at ClientRequest.<anonymous> (node_modules\\superagent\\lib\\node\\index.js:788:10)\n    at ClientRequest.emit (node:events:513:28)\n    at Socket.socketErrorListener (node:_http_client:481:9)\n    at Socket.emit (node:events:513:28)\n    at emitErrorNT (node:internal/streams/destroy:157:8)\n    at emitErrorCloseNT (node:internal/streams/destroy:122:3)\n    at processTicksAndRejections (node:internal/process/task_queues:83:21)",
                "diff": null
              },
              "uuid": "1b7d26a6-ab34-409a-aafb-5c6e4db3a8ce",
              "parentUUID": "3c324f0b-e71b-4825-8af7-ea1892e61a32",
              "isHook": false,
              "skipped": false
            }
          ],
          "suites": [],
          "passes": [],
          "failures": [
            "1b7d26a6-ab34-409a-aafb-5c6e4db3a8ce"
          ],
          "pending": [],
          "skipped": [],
          "duration": 2,
          "root": false,
          "rootEmpty": false,
          "_timeout": 10000
        },
        {
          "uuid": "9bcee51d-42ff-4b8f-ba80-dab1fabb9710",
          "title": "DELETE /api/mekanlar/:mekanid/yorumlar/:yorumid",
          "fullFile": "C:\\Users\\Leo\\Desktop\\mekanbul\\test.js",
          "file": "\\test.js",
          "beforeHooks": [],
          "afterHooks": [],
          "tests": [
            {
              "title": "Yorum sil:",
              "fullTitle": "DELETE /api/mekanlar/:mekanid/yorumlar/:yorumid Yorum sil:",
              "timedOut": false,
              "duration": 9,
              "state": "failed",
              "speed": null,
              "pass": false,
              "fail": true,
              "pending": false,
              "context": null,
              "code": "const response = await request.delete(\n  `/api/mekanlar/${process.env.mekanid}/yorumlar/${process.env.yorumid}`\n);\nexpect(response.status).to.eql(200);",
              "err": {
                "message": "Error: ECONNREFUSED: Connection refused",
                "estack": "Error: ECONNREFUSED: Connection refused\n    at Test.assert (node_modules\\supertest\\lib\\test.js:156:20)\n    at localAssert (node_modules\\supertest\\lib\\test.js:120:14)\n    at C:\\Users\\Leo\\Desktop\\mekanbul\\node_modules\\supertest\\lib\\test.js:125:7\n    at Test.Request.callback (node_modules\\superagent\\lib\\node\\index.js:866:3)\n    at ClientRequest.<anonymous> (node_modules\\superagent\\lib\\node\\index.js:788:10)\n    at ClientRequest.emit (node:events:513:28)\n    at Socket.socketErrorListener (node:_http_client:481:9)\n    at Socket.emit (node:events:513:28)\n    at emitErrorNT (node:internal/streams/destroy:157:8)\n    at emitErrorCloseNT (node:internal/streams/destroy:122:3)\n    at processTicksAndRejections (node:internal/process/task_queues:83:21)",
                "diff": null
              },
              "uuid": "223342ec-97de-44e7-b95d-1a3cb88cd7a9",
              "parentUUID": "9bcee51d-42ff-4b8f-ba80-dab1fabb9710",
              "isHook": false,
              "skipped": false
            }
          ],
          "suites": [],
          "passes": [],
          "failures": [
            "223342ec-97de-44e7-b95d-1a3cb88cd7a9"
          ],
          "pending": [],
          "skipped": [],
          "duration": 9,
          "root": false,
          "rootEmpty": false,
          "_timeout": 10000
        },
        {
          "uuid": "4e123603-c2e2-40f9-8f00-0fd0f8a0e73b",
          "title": "DELETE /api/mekanlar/:mekanid",
          "fullFile": "C:\\Users\\Leo\\Desktop\\mekanbul\\test.js",
          "file": "\\test.js",
          "beforeHooks": [],
          "afterHooks": [],
          "tests": [
            {
              "title": "Mekan sil:",
              "fullTitle": "DELETE /api/mekanlar/:mekanid Mekan sil:",
              "timedOut": false,
              "duration": 6,
              "state": "failed",
              "speed": null,
              "pass": false,
              "fail": true,
              "pending": false,
              "context": null,
              "code": "const response = await request.delete(\n  `/api/mekanlar/${process.env.mekanid}`\n);\nexpect(response.status).to.eql(200);",
              "err": {
                "message": "Error: ECONNREFUSED: Connection refused",
                "estack": "Error: ECONNREFUSED: Connection refused\n    at Test.assert (node_modules\\supertest\\lib\\test.js:156:20)\n    at localAssert (node_modules\\supertest\\lib\\test.js:120:14)\n    at C:\\Users\\Leo\\Desktop\\mekanbul\\node_modules\\supertest\\lib\\test.js:125:7\n    at Test.Request.callback (node_modules\\superagent\\lib\\node\\index.js:866:3)\n    at ClientRequest.<anonymous> (node_modules\\superagent\\lib\\node\\index.js:788:10)\n    at ClientRequest.emit (node:events:513:28)\n    at Socket.socketErrorListener (node:_http_client:481:9)\n    at Socket.emit (node:events:513:28)\n    at emitErrorNT (node:internal/streams/destroy:157:8)\n    at emitErrorCloseNT (node:internal/streams/destroy:122:3)\n    at processTicksAndRejections (node:internal/process/task_queues:83:21)",
                "diff": null
              },
              "uuid": "946f80b2-eb11-4cb9-b91d-47f357a67d18",
              "parentUUID": "4e123603-c2e2-40f9-8f00-0fd0f8a0e73b",
              "isHook": false,
              "skipped": false
            }
          ],
          "suites": [],
          "passes": [],
          "failures": [
            "946f80b2-eb11-4cb9-b91d-47f357a67d18"
          ],
          "pending": [],
          "skipped": [],
          "duration": 6,
          "root": false,
          "rootEmpty": false,
          "_timeout": 10000
        }
      ],
      "passes": [],
      "failures": [],
      "pending": [],
      "skipped": [],
      "duration": 0,
      "root": true,
      "rootEmpty": true,
      "_timeout": 10000
    }
  ],
  "meta": {
    "mocha": {
      "version": "10.1.0"
    },
    "mochawesome": {
      "options": {
        "quiet": false,
        "reportFilename": "mochawesome",
        "saveHtml": true,
        "saveJson": true,
        "consoleReporter": "spec",
        "useInlineDiffs": false,
        "code": true
      },
      "version": "7.1.3"
    },
    "marge": {
      "options": null,
      "version": "6.2.0"
    }
  }
}